2024-09-30 18:34:09,535 [INFO] Activator:176 - 


2024-09-30 18:34:09,541 [INFO] Activator:177 - !SESSION log4j initialized
2024-09-30 18:34:12,521 [INFO] ApplicationProperties:184 - Using Application install path: /opt/st/stm32cubeide_1.16.0/plugins/com.st.stm32cube.common.mx_6.12.0.202406281431
2024-09-30 18:34:12,546 [INFO] DbMcusXml:78 - Set database path to: /opt/st/stm32cubeide_1.16.0/plugins/com.st.stm32cube.common.mx_6.12.0.202406281431//db//mcu/
2024-09-30 18:34:12,546 [INFO] ApiDb:274 - Set plugin database path to: /opt/st/stm32cubeide_1.16.0/plugins/com.st.stm32cube.common.mx_6.12.0.202406281431//db//plugins/boardmanager/
2024-09-30 18:34:12,547 [WARN] ApiDb:259 - Overriding images path with different value:  => /opt/st/stm32cubeide_1.16.0/plugins/com.st.stm32cube.common.mx_6.12.0.202406281431//db//plugins/mcufinder/images/
2024-09-30 18:34:12,552 [INFO] ApiDb:250 - Set database path to: /home/gauri/.stmcufinder/plugins/mcufinder//mcu/
2024-09-30 18:34:12,553 [INFO] DbMcusAds:125 - Set database path to: /home/gauri/.stmcufinder/plugins/mcufinder//mcu/
2024-09-30 18:34:13,004 [INFO] CrossReferenceDbSqlite:203 - Set database path to: /home/gauri/.stmcufinder/plugins/mcufinder//mcu/cs/
2024-09-30 18:34:13,176 [INFO] RulesReader:64 - Compatibility file has been processed (297 Rules)
2024-09-30 18:34:13,253 [INFO] DbMcusXml:78 - Set database path to: /opt/st/stm32cubeide_1.16.0/plugins/com.st.stm32cube.common.mx_6.12.0.202406281431//db//mcu/
2024-09-30 18:34:13,253 [INFO] ApiDb:274 - Set plugin database path to: /opt/st/stm32cubeide_1.16.0/plugins/com.st.stm32cube.common.mx_6.12.0.202406281431//db//plugins/boardmanager/
2024-09-30 18:34:13,253 [INFO] ApiDb:261 - Set plugin images path to: /opt/st/stm32cubeide_1.16.0/plugins/com.st.stm32cube.common.mx_6.12.0.202406281431//db//plugins/mcufinder/images/
2024-09-30 18:34:13,253 [WARN] DbFile:41 - Overriding database path with different value: /home/gauri/.stmcufinder/plugins/mcufinder/ => /home/gauri/.stmcufinder/plugins/mcufinder
2024-09-30 18:34:13,254 [INFO] ApiDb:250 - Set database path to: /home/gauri/.stmcufinder/plugins/mcufinder//mcu/
2024-09-30 18:34:13,254 [WARN] DbFile:41 - Overriding database path with different value: /home/gauri/.stmcufinder/plugins/mcufinder/ => /home/gauri/.stmcufinder/plugins/mcufinder
2024-09-30 18:34:13,254 [INFO] DbMcusAds:125 - Set database path to: /home/gauri/.stmcufinder/plugins/mcufinder//mcu/
2024-09-30 18:34:13,254 [WARN] DbFile:41 - Overriding database path with different value: /home/gauri/.stmcufinder/plugins/mcufinder/ => /home/gauri/.stmcufinder/plugins/mcufinder
2024-09-30 18:34:13,254 [WARN] DbFile:41 - Overriding database path with different value: /home/gauri/.stmcufinder/plugins/mcufinder/ => /home/gauri/.stmcufinder/plugins/mcufinder
2024-09-30 18:34:13,254 [INFO] CrossReferenceDbSqlite:203 - Set database path to: /home/gauri/.stmcufinder/plugins/mcufinder//mcu/cs/
2024-09-30 18:34:13,342 [INFO] MainPanel:268 - HeapMemory: 268435456
2024-09-30 18:34:13,477 [INFO] DbMcusXml:78 - Set database path to: /opt/st/stm32cubeide_1.16.0/plugins/com.st.stm32cube.common.mx_6.12.0.202406281431//db//mcu/
2024-09-30 18:34:13,477 [INFO] ApiDb:274 - Set plugin database path to: /opt/st/stm32cubeide_1.16.0/plugins/com.st.stm32cube.common.mx_6.12.0.202406281431//db//plugins/boardmanager/
2024-09-30 18:34:13,477 [INFO] ApiDb:261 - Set plugin images path to: /opt/st/stm32cubeide_1.16.0/plugins/com.st.stm32cube.common.mx_6.12.0.202406281431//db//plugins/mcufinder/images/
2024-09-30 18:34:13,478 [WARN] DbFile:41 - Overriding database path with different value: /home/gauri/.stmcufinder/plugins/mcufinder/ => /home/gauri/.stmcufinder/plugins/mcufinder
2024-09-30 18:34:13,478 [INFO] ApiDb:250 - Set database path to: /home/gauri/.stmcufinder/plugins/mcufinder//mcu/
2024-09-30 18:34:13,478 [WARN] DbFile:41 - Overriding database path with different value: /home/gauri/.stmcufinder/plugins/mcufinder/ => /home/gauri/.stmcufinder/plugins/mcufinder
2024-09-30 18:34:13,478 [INFO] DbMcusAds:125 - Set database path to: /home/gauri/.stmcufinder/plugins/mcufinder//mcu/
2024-09-30 18:34:13,478 [WARN] DbFile:41 - Overriding database path with different value: /home/gauri/.stmcufinder/plugins/mcufinder/ => /home/gauri/.stmcufinder/plugins/mcufinder
2024-09-30 18:34:13,479 [WARN] DbFile:41 - Overriding database path with different value: /home/gauri/.stmcufinder/plugins/mcufinder/ => /home/gauri/.stmcufinder/plugins/mcufinder
2024-09-30 18:34:13,479 [INFO] CrossReferenceDbSqlite:203 - Set database path to: /home/gauri/.stmcufinder/plugins/mcufinder//mcu/cs/
2024-09-30 18:34:13,497 [INFO] ApplicationProperties:184 - Using Application install path: /opt/st/stm32cubeide_1.16.0/plugins/com.st.stm32cube.common.mx_6.12.0.202406281431
2024-09-30 18:34:13,499 [INFO] PluginManage:196 - Search for loadable plugins [exclusion list=, ]
2024-09-30 18:34:13,500 [INFO] PluginManage:310 - Check plugin analytics
2024-09-30 18:34:13,917 [INFO] AnalyticsPlugin:253 - Accepted Software Licenses: 
2024-09-30 18:34:13,917 [INFO] AnalyticsPlugin:255 - Accepted CMSIS Pack Licenses: 
2024-09-30 18:34:13,917 [INFO] AnalyticsPlugin:257 - Accepted Firmware Licenses: FW.F4.1.28.0
2024-09-30 18:34:13,923 [INFO] PluginManage:359 - Loaded plugin analytics (category:tool,tabindex:-1)
2024-09-30 18:34:13,923 [INFO] PluginManage:310 - Check plugin cadmodel
2024-09-30 18:34:13,930 [INFO] CADModel:105 - Init CAD model plugin
2024-09-30 18:34:13,931 [INFO] PluginManage:359 - Loaded plugin cadmodel (category:power,tabindex:5)
2024-09-30 18:34:13,931 [INFO] PluginManage:310 - Check plugin clock
2024-09-30 18:34:13,949 [INFO] PluginManage:359 - Loaded plugin clock (category:base,tabindex:2)
2024-09-30 18:34:13,950 [INFO] PluginManage:310 - Check plugin ddr
2024-09-30 18:34:13,954 [INFO] PluginManage:359 - Loaded plugin ddr (category:tool,tabindex:6)
2024-09-30 18:34:13,954 [INFO] PluginManage:310 - Check plugin filemanager
2024-09-30 18:34:14,223 [INFO] PluginManage:359 - Loaded plugin filemanager (category:base,tabindex:10)
2024-09-30 18:34:14,224 [INFO] PluginManage:310 - Check plugin ipmanager
2024-09-30 18:34:14,231 [INFO] PluginManage:359 - Loaded plugin ipmanager (category:base,tabindex:5)
2024-09-30 18:34:14,232 [INFO] PluginManage:310 - Check plugin lpbam
2024-09-30 18:34:14,244 [INFO] PluginManage:359 - Loaded plugin lpbam (category:base,tabindex:0)
2024-09-30 18:34:14,244 [INFO] PluginManage:310 - Check plugin memorymap
2024-09-30 18:34:14,259 [INFO] PluginManage:359 - Loaded plugin memorymap (category:base,tabindex:4)
2024-09-30 18:34:14,259 [INFO] PluginManage:310 - Check plugin pinoutandconfiguration
2024-09-30 18:34:14,271 [INFO] PluginManage:359 - Loaded plugin pinoutandconfiguration (category:base,tabindex:1)
2024-09-30 18:34:14,271 [INFO] PluginManage:310 - Check plugin pinoutconfig
2024-09-30 18:34:14,404 [WARN] SupportedApi:132 - Cannot load RTOS API schema: s4s-elt-must-match.1: The content of 'definitions' must match (annotation?, (simpleType | complexType)?, (unique | key | keyref)*)). A problem was found starting at: attribute.
2024-09-30 18:34:14,640 [INFO] PluginManage:359 - Loaded plugin pinoutconfig (category:base,tabindex:0)
2024-09-30 18:34:14,640 [INFO] PluginManage:310 - Check plugin power
2024-09-30 18:34:14,655 [INFO] PluginManage:359 - Loaded plugin power (category:power,tabindex:4)
2024-09-30 18:34:14,655 [INFO] PluginManage:310 - Check plugin projectmanager
2024-09-30 18:34:14,687 [INFO] PluginManage:359 - Loaded plugin projectmanager (category:projectmanager,tabindex:4)
2024-09-30 18:34:14,688 [INFO] PluginManage:310 - Check plugin rif
2024-09-30 18:34:14,695 [INFO] PluginManage:359 - Loaded plugin rif (category:base,tabindex:3)
2024-09-30 18:34:14,696 [INFO] PluginManage:310 - Check plugin thirdparty
2024-09-30 18:34:14,920 [WARN] IntegrityCheckThread:84 - waiting for thirdparty lock release [integrity check]
2024-09-30 18:34:14,920 [INFO] PluginManage:359 - Loaded plugin thirdparty (category:base,tabindex:-1)
2024-09-30 18:34:14,921 [INFO] IntegrityCheckThread:86 - entering critical section [integrity check]
2024-09-30 18:34:14,921 [INFO] PluginManage:310 - Check plugin tools
2024-09-30 18:34:14,921 [INFO] ThirdPartyUpdaterWithRetryManager:70 - Updater plugin not ready yet. [1/15]
2024-09-30 18:34:14,925 [INFO] PluginManage:359 - Loaded plugin tools (category:base,tabindex:7)
2024-09-30 18:34:14,925 [INFO] PluginManage:310 - Check plugin tutovideos
2024-09-30 18:34:15,179 [INFO] PluginManage:359 - Loaded plugin tutovideos (category:base,tabindex:-1)
2024-09-30 18:34:15,180 [INFO] PluginManage:310 - Check plugin updater
2024-09-30 18:34:15,206 [INFO] PluginManage:359 - Loaded plugin updater (category:base,tabindex:12)
2024-09-30 18:34:15,206 [INFO] PluginManage:310 - Check plugin userauth
2024-09-30 18:34:15,215 [INFO] UserAuth:113 - Init User Auth plugin
2024-09-30 18:34:15,215 [INFO] PluginManage:359 - Loaded plugin userauth (category:base,tabindex:14)
2024-09-30 18:34:15,216 [INFO] PluginManage:283 - PluginManage : Loaded plugins [18]
2024-09-30 18:34:15,526 [INFO] PinOutPanel:1561 - setPackage(No Configuration,No Configuration)
2024-09-30 18:34:15,634 [INFO] CADModel:165 - CPN selected for project level
2024-09-30 18:34:15,634 [INFO] CADModel:114 - Register for checkConnection events
2024-09-30 18:34:15,651 [INFO] IPUIPlugin:80 - create IPUIPlugin
2024-09-30 18:34:15,652 [INFO] PluginManager:220 - loadIPPluginJar : add cryp
2024-09-30 18:34:15,653 [INFO] IPUIPlugin:80 - create IPUIPlugin
2024-09-30 18:34:15,654 [INFO] PluginManager:220 - loadIPPluginJar : add quadspi
2024-09-30 18:34:15,656 [INFO] IPUIPlugin:80 - create IPUIPlugin
2024-09-30 18:34:15,657 [INFO] PluginManager:220 - loadIPPluginJar : add hash
2024-09-30 18:34:15,659 [INFO] IPUIPlugin:80 - create IPUIPlugin
2024-09-30 18:34:15,659 [INFO] PluginManager:220 - loadIPPluginJar : add tsc
2024-09-30 18:34:15,663 [INFO] IPUIPlugin:80 - create IPUIPlugin
2024-09-30 18:34:15,663 [INFO] PluginManager:220 - loadIPPluginJar : add sai
2024-09-30 18:34:15,670 [INFO] IPUIPlugin:80 - create IPUIPlugin
2024-09-30 18:34:15,671 [INFO] PluginManager:220 - loadIPPluginJar : add gic
2024-09-30 18:34:15,673 [INFO] IPUIPlugin:80 - create IPUIPlugin
2024-09-30 18:34:15,673 [INFO] PluginManager:220 - loadIPPluginJar : add tim
2024-09-30 18:34:15,677 [INFO] IPUIPlugin:80 - create IPUIPlugin
2024-09-30 18:34:15,677 [INFO] PluginManager:220 - loadIPPluginJar : add i3c
2024-09-30 18:34:15,681 [INFO] IPUIPlugin:80 - create IPUIPlugin
2024-09-30 18:34:15,681 [INFO] PluginManager:220 - loadIPPluginJar : add ipddr
2024-09-30 18:34:15,683 [INFO] IPUIPlugin:80 - create IPUIPlugin
2024-09-30 18:34:15,683 [INFO] PluginManager:220 - loadIPPluginJar : add fatfs
2024-09-30 18:34:15,687 [INFO] IPUIPlugin:80 - create IPUIPlugin
2024-09-30 18:34:15,687 [INFO] PluginManager:220 - loadIPPluginJar : add i2c
2024-09-30 18:34:15,697 [INFO] IPUIPlugin:80 - create IPUIPlugin
2024-09-30 18:34:15,697 [INFO] PluginManager:220 - loadIPPluginJar : add stm32_wpan
2024-09-30 18:34:15,702 [INFO] IPUIPlugin:80 - create IPUIPlugin
2024-09-30 18:34:15,703 [INFO] PluginManager:220 - loadIPPluginJar : add gpio
2024-09-30 18:34:15,708 [INFO] IPUIPlugin:80 - create IPUIPlugin
2024-09-30 18:34:15,709 [INFO] PluginManager:220 - loadIPPluginJar : add fmc
2024-09-30 18:34:15,713 [INFO] IPUIPlugin:80 - create IPUIPlugin
2024-09-30 18:34:15,713 [INFO] PluginManager:220 - loadIPPluginJar : add touchsensing
2024-09-30 18:34:15,718 [INFO] IPUIPlugin:80 - create IPUIPlugin
2024-09-30 18:34:15,718 [INFO] PluginManager:220 - loadIPPluginJar : add nvic
2024-09-30 18:34:15,726 [INFO] IPUIPlugin:80 - create IPUIPlugin
2024-09-30 18:34:15,726 [INFO] PluginManager:220 - loadIPPluginJar : add freertos
2024-09-30 18:34:15,730 [INFO] IPUIPlugin:80 - create IPUIPlugin
2024-09-30 18:34:15,730 [INFO] PluginManager:220 - loadIPPluginJar : add tracer_emb
2024-09-30 18:34:15,732 [INFO] IPUIPlugin:80 - create IPUIPlugin
2024-09-30 18:34:15,735 [INFO] PluginManager:220 - loadIPPluginJar : add radio
2024-09-30 18:34:15,743 [INFO] IPUIPlugin:80 - create IPUIPlugin
2024-09-30 18:34:15,747 [INFO] PluginManager:220 - loadIPPluginJar : add plateformsettings
2024-09-30 18:34:15,749 [INFO] IPUIPlugin:80 - create IPUIPlugin
2024-09-30 18:34:15,750 [INFO] PluginManager:220 - loadIPPluginJar : add comp
2024-09-30 18:34:15,753 [INFO] IPUIPlugin:80 - create IPUIPlugin
2024-09-30 18:34:15,753 [INFO] PluginManager:220 - loadIPPluginJar : add dfsdm
2024-09-30 18:34:15,755 [INFO] IPUIPlugin:80 - create IPUIPlugin
2024-09-30 18:34:15,755 [INFO] PluginManager:220 - loadIPPluginJar : add ts
2024-09-30 18:34:15,759 [INFO] IPUIPlugin:80 - create IPUIPlugin
2024-09-30 18:34:15,759 [INFO] PluginManager:220 - loadIPPluginJar : add can
2024-09-30 18:34:15,761 [INFO] IPUIPlugin:80 - create IPUIPlugin
2024-09-30 18:34:15,762 [INFO] PluginManager:220 - loadIPPluginJar : add ucpd
2024-09-30 18:34:15,772 [INFO] IPUIPlugin:80 - create IPUIPlugin
2024-09-30 18:34:15,772 [INFO] PluginManager:220 - loadIPPluginJar : add linkedlist
2024-09-30 18:34:15,775 [INFO] IPUIPlugin:80 - create IPUIPlugin
2024-09-30 18:34:15,776 [INFO] PluginManager:220 - loadIPPluginJar : add gtzc
2024-09-30 18:34:15,779 [INFO] IPUIPlugin:80 - create IPUIPlugin
2024-09-30 18:34:15,779 [INFO] PluginManager:220 - loadIPPluginJar : add aes
2024-09-30 18:34:15,782 [INFO] IPUIPlugin:80 - create IPUIPlugin
2024-09-30 18:34:15,782 [INFO] PluginManager:220 - loadIPPluginJar : add dma3
2024-09-30 18:34:15,783 [INFO] IPUIPlugin:80 - create IPUIPlugin
2024-09-30 18:34:15,784 [INFO] PluginManager:220 - loadIPPluginJar : add ltdc
2024-09-30 18:34:15,792 [INFO] IPUIPlugin:80 - create IPUIPlugin
2024-09-30 18:34:15,792 [INFO] PluginManager:220 - loadIPPluginJar : add dma
2024-09-30 18:34:15,795 [INFO] IPUIPlugin:80 - create IPUIPlugin
2024-09-30 18:34:15,795 [INFO] PluginManager:220 - loadIPPluginJar : add spi
2024-09-30 18:34:15,799 [INFO] IPUIPlugin:80 - create IPUIPlugin
2024-09-30 18:34:15,799 [INFO] PluginManager:220 - loadIPPluginJar : add extmemmanager
2024-09-30 18:34:15,803 [INFO] IPUIPlugin:80 - create IPUIPlugin
2024-09-30 18:34:15,803 [INFO] PluginManager:220 - loadIPPluginJar : add opamp
2024-09-30 18:34:15,806 [INFO] IPUIPlugin:80 - create IPUIPlugin
2024-09-30 18:34:15,806 [INFO] PluginManager:220 - loadIPPluginJar : add ddr_ctrl_phy
2024-09-30 18:34:15,810 [INFO] IPUIPlugin:80 - create IPUIPlugin
2024-09-30 18:34:15,810 [INFO] PluginManager:220 - loadIPPluginJar : add openamp
2024-09-30 18:34:15,814 [INFO] IPUIPlugin:80 - create IPUIPlugin
2024-09-30 18:34:15,814 [INFO] PluginManager:220 - loadIPPluginJar : add usbx
2024-09-30 18:34:15,818 [INFO] IPUIPlugin:80 - create IPUIPlugin
2024-09-30 18:34:15,818 [INFO] PluginManager:220 - loadIPPluginJar : add lorawan
2024-09-30 18:34:15,820 [INFO] IPUIPlugin:80 - create IPUIPlugin
2024-09-30 18:34:15,820 [INFO] PluginManager:220 - loadIPPluginJar : add gfxmmu
2024-09-30 18:34:15,824 [INFO] IPUIPlugin:80 - create IPUIPlugin
2024-09-30 18:34:15,824 [INFO] PluginManager:220 - loadIPPluginJar : add resmgrutility
2024-09-30 18:34:15,833 [INFO] IPUIPlugin:80 - create IPUIPlugin
2024-09-30 18:34:15,833 [INFO] PluginManager:220 - loadIPPluginJar : add adc
2024-09-30 18:34:15,842 [INFO] IPUIPlugin:80 - create IPUIPlugin
2024-09-30 18:34:15,844 [INFO] PluginManager:220 - loadIPPluginJar : add mdma
2024-09-30 18:34:15,847 [INFO] IPUIPlugin:80 - create IPUIPlugin
2024-09-30 18:34:15,847 [INFO] PluginManager:220 - loadIPPluginJar : add usart
2024-09-30 18:34:15,850 [INFO] IPUIPlugin:80 - create IPUIPlugin
2024-09-30 18:34:15,850 [INFO] PluginManager:220 - loadIPPluginJar : add pdm2pcm
2024-09-30 18:34:15,852 [INFO] IPUIPlugin:80 - create IPUIPlugin
2024-09-30 18:34:15,852 [INFO] PluginManager:220 - loadIPPluginJar : add genericplugin
2024-09-30 18:34:15,855 [INFO] IPUIPlugin:80 - create IPUIPlugin
2024-09-30 18:34:15,856 [INFO] PluginManager:220 - loadIPPluginJar : add i2s
2024-09-30 18:34:15,977 [INFO] CADModel:165 - CPN selected for project level
2024-09-30 18:34:15,977 [INFO] CADModel:114 - Register for checkConnection events
2024-09-30 18:34:15,978 [FATAL] Updater:334 - Updater called before beeing initialized
2024-09-30 18:34:15,978 [ERROR] CADModel:125 - Updater not yet initialized, retry later 
2024-09-30 18:34:16,147 [INFO] CADModel:165 - CPN selected for project level
2024-09-30 18:34:16,147 [INFO] CADModel:114 - Register for checkConnection events
2024-09-30 18:34:16,147 [FATAL] Updater:334 - Updater called before beeing initialized
2024-09-30 18:34:16,148 [ERROR] CADModel:125 - Updater not yet initialized, retry later 
2024-09-30 18:34:16,153 [FATAL] Updater:334 - Updater called before beeing initialized
2024-09-30 18:34:16,263 [FATAL] Updater:334 - Updater called before beeing initialized
2024-09-30 18:34:16,269 [INFO] DbMcusAds:53 - JSON generation date=Fri Sep 20 18:34:23 IST 2024 (1726837463113)
2024-09-30 18:34:16,269 [FATAL] Updater:334 - Updater called before beeing initialized
2024-09-30 18:34:16,322 [WARN] DetailPanel:346 - Failed to get advertising image, set to default
2024-09-30 18:34:16,470 [FATAL] Updater:334 - Updater called before beeing initialized
2024-09-30 18:34:16,472 [FATAL] Updater:334 - Updater called before beeing initialized
2024-09-30 18:34:16,472 [FATAL] Updater:334 - Updater called before beeing initialized
2024-09-30 18:34:16,472 [WARN] DetailPanel:346 - Failed to get advertising image, set to default
2024-09-30 18:34:16,474 [FATAL] Updater:334 - Updater called before beeing initialized
2024-09-30 18:34:16,522 [ERROR] Updater:1164 - MainUpdater not yet initialized. External WinMGr cannot be set.
2024-09-30 18:34:16,524 [INFO] Updater:1100 - Updater Version found : 6.12.0
2024-09-30 18:34:16,550 [INFO] ApplicationProperties:184 - Using Application install path: /opt/st/stm32cubeide_1.16.0/plugins/com.st.stm32cube.common.mx_6.12.0.202406281431
2024-09-30 18:34:16,574 [ERROR] LogOutputStream:75 - [STDERR_REDIRECT] Sep 30, 2024 6:34:16 PM java.util.prefs.FileSystemPreferences$2 run
2024-09-30 18:34:16,575 [ERROR] LogOutputStream:75 - [STDERR_REDIRECT] WARNING: Could not create system preferences directory. System preferences are unusable.
2024-09-30 18:34:16,576 [ERROR] LogOutputStream:75 - [STDERR_REDIRECT] 
2024-09-30 18:34:17,320 [INFO] MainUpdater:2873 - connection check result : 10
2024-09-30 18:34:17,321 [INFO] MainUpdater:290 - Updater Check For Update Now.
2024-09-30 18:34:17,321 [INFO] MicroXplorer:498 - Change Database Version : DB.6.0.120
2024-09-30 18:34:17,550 [INFO] MainUpdater:2873 - connection check result : 10
2024-09-30 18:34:17,551 [INFO] CheckServerUpdateThread:120 - End of CheckServer Thread
2024-09-30 18:34:17,551 [INFO] MainUpdater:2873 - connection check result : 10
2024-09-30 18:34:18,086 [WARN] PackLoader:240 - Cannot read IP mode file for STMicroelectronics.FP-SNS-MOTENVWB1.1.4.0
2024-09-30 18:34:18,099 [WARN] PackLoader:240 - Cannot read IP mode file for STMicroelectronics.X-CUBE-SMBUS.2.1.0
2024-09-30 18:34:18,148 [WARN] PackLoader:240 - Cannot read IP mode file for STMicroelectronics.X-CUBE-AZRTOS-F7.1.1.0
2024-09-30 18:34:18,278 [WARN] PackLoader:240 - Cannot read IP mode file for STMicroelectronics.X-CUBE-MEMS1.11.0.0
2024-09-30 18:34:18,656 [WARN] PackLoader:240 - Cannot read IP mode file for STMicroelectronics.FP-SNS-FLIGHT1.5.0.2
2024-09-30 18:34:18,671 [WARN] PackLoader:240 - Cannot read IP mode file for STMicroelectronics.X-CUBE-DISPLAY.3.0.0
2024-09-30 18:34:18,684 [WARN] PackLoader:240 - Cannot read IP mode file for STMicroelectronics.X-CUBE-BLE1.7.0.0
2024-09-30 18:34:18,703 [WARN] PackLoader:240 - Cannot read IP mode file for STMicroelectronics.X-CUBE-BLEMGR.3.1.0
2024-09-30 18:34:18,716 [WARN] PackLoader:240 - Cannot read IP mode file for STMicroelectronics.FP-SNS-SMARTAG2.1.2.0
2024-09-30 18:34:18,730 [INFO] LogOutputStream:77 - [STDOUT_REDIRECT] 1 : Invalid condition id : UX_CORESTACK_Condition cause : null
2024-09-30 18:34:18,731 [INFO] LogOutputStream:77 - [STDOUT_REDIRECT] 1 : Invalid condition id : UX_CORESTACK_Condition cause : null
2024-09-30 18:34:18,732 [INFO] LogOutputStream:77 - [STDOUT_REDIRECT] 1 : Invalid condition id : UX_CORESTACK_Condition cause : null
2024-09-30 18:34:18,732 [INFO] LogOutputStream:77 - [STDOUT_REDIRECT] 1 : Invalid condition id : UX_CORESTACK_Condition cause : null
2024-09-30 18:34:18,733 [INFO] LogOutputStream:77 - [STDOUT_REDIRECT] 1 : Invalid condition id : UX_CORESTACK_Condition cause : null
2024-09-30 18:34:18,739 [WARN] PackLoader:240 - Cannot read IP mode file for STMicroelectronics.X-CUBE-AZRTOS-WL.2.0.0
2024-09-30 18:34:18,745 [WARN] PackLoader:240 - Cannot read IP mode file for STMicroelectronics.FP-SNS-MOTENV1.5.0.0
2024-09-30 18:34:18,751 [WARN] PackLoader:240 - Cannot read IP mode file for wolfSSL.I-CUBE-wolfMQTT.1.19.0
2024-09-30 18:34:18,756 [WARN] PackLoader:240 - Cannot read IP mode file for STMicroelectronics.X-CUBE-BLE2.3.3.0
2024-09-30 18:34:18,766 [WARN] PackLoader:240 - Cannot read IP mode file for STMicroelectronics.X-CUBE-TCPP.4.1.0
2024-09-30 18:34:18,796 [WARN] PackLoader:240 - Cannot read IP mode file for STMicroelectronics.X-CUBE-AZRTOS-G0.1.1.0
2024-09-30 18:34:18,810 [WARN] PackLoader:240 - Cannot read IP mode file for STMicroelectronics.X-CUBE-SAFEA1.1.2.2
2024-09-30 18:34:18,816 [WARN] PackLoader:240 - Cannot read IP mode file for STMicroelectronics.X-CUBE-NFC4.3.0.0
2024-09-30 18:34:18,833 [WARN] PackLoader:240 - Cannot read IP mode file for EmbeddedOffice.I-CUBE-FS-RTOS.1.0.1
2024-09-30 18:34:18,833 [ERROR] ConditionMgr:805 - Attr not supported : Dmpu
2024-09-30 18:34:18,834 [ERROR] ConditionMgr:805 - Attr not supported : Dmpu
2024-09-30 18:34:18,834 [ERROR] ConditionMgr:805 - Attr not supported : Dmpu
2024-09-30 18:34:18,834 [ERROR] ConditionMgr:805 - Attr not supported : Dmpu
2024-09-30 18:34:18,834 [ERROR] ConditionMgr:805 - Attr not supported : Dmpu
2024-09-30 18:34:18,834 [ERROR] ConditionMgr:805 - Attr not supported : Dmpu
2024-09-30 18:34:18,835 [ERROR] ConditionMgr:805 - Attr not supported : Dmpu
2024-09-30 18:34:18,835 [ERROR] ConditionMgr:805 - Attr not supported : Dmpu
2024-09-30 18:34:18,835 [ERROR] ConditionMgr:805 - Attr not supported : Dmpu
2024-09-30 18:34:18,835 [ERROR] ConditionMgr:805 - Attr not supported : Dmpu
2024-09-30 18:34:18,835 [ERROR] ConditionMgr:805 - Attr not supported : Dmpu
2024-09-30 18:34:18,835 [ERROR] ConditionMgr:805 - Attr not supported : Dmpu
2024-09-30 18:34:18,836 [ERROR] ConditionMgr:805 - Attr not supported : Dmpu
2024-09-30 18:34:18,836 [ERROR] ConditionMgr:805 - Attr not supported : Dmpu
2024-09-30 18:34:18,836 [ERROR] ConditionMgr:805 - Attr not supported : Dmpu
2024-09-30 18:34:18,836 [ERROR] ConditionMgr:805 - Attr not supported : Dmpu
2024-09-30 18:34:18,836 [ERROR] ConditionMgr:805 - Attr not supported : Dmpu
2024-09-30 18:34:18,836 [ERROR] ConditionMgr:805 - Attr not supported : Dmpu
2024-09-30 18:34:18,837 [ERROR] ConditionMgr:805 - Attr not supported : Dmpu
2024-09-30 18:34:18,837 [ERROR] ConditionMgr:805 - Attr not supported : Dmpu
2024-09-30 18:34:18,837 [ERROR] ConditionMgr:805 - Attr not supported : Dmpu
2024-09-30 18:34:18,837 [ERROR] ConditionMgr:805 - Attr not supported : Dmpu
2024-09-30 18:34:18,837 [ERROR] ConditionMgr:805 - Attr not supported : Dmpu
2024-09-30 18:34:18,837 [ERROR] ConditionMgr:805 - Attr not supported : Dmpu
2024-09-30 18:34:18,838 [ERROR] ConditionMgr:805 - Attr not supported : Dmpu
2024-09-30 18:34:18,838 [ERROR] ConditionMgr:805 - Attr not supported : Dmpu
2024-09-30 18:34:18,838 [ERROR] ConditionMgr:805 - Attr not supported : Dmpu
2024-09-30 18:34:18,838 [ERROR] ConditionMgr:805 - Attr not supported : Dmpu
2024-09-30 18:34:18,838 [ERROR] ConditionMgr:805 - Attr not supported : Dmpu
2024-09-30 18:34:18,838 [ERROR] ConditionMgr:805 - Attr not supported : Dmpu
2024-09-30 18:34:18,839 [ERROR] ConditionMgr:805 - Attr not supported : Dmpu
2024-09-30 18:34:18,839 [ERROR] ConditionMgr:805 - Attr not supported : Dmpu
2024-09-30 18:34:18,839 [ERROR] ConditionMgr:805 - Attr not supported : Dmpu
2024-09-30 18:34:18,839 [ERROR] ConditionMgr:805 - Attr not supported : Dmpu
2024-09-30 18:34:18,839 [ERROR] ConditionMgr:805 - Attr not supported : Dmpu
2024-09-30 18:34:18,839 [ERROR] ConditionMgr:805 - Attr not supported : Dmpu
2024-09-30 18:34:18,840 [ERROR] ConditionMgr:805 - Attr not supported : Dmpu
2024-09-30 18:34:18,840 [ERROR] ConditionMgr:805 - Attr not supported : Dmpu
2024-09-30 18:34:18,840 [ERROR] ConditionMgr:805 - Attr not supported : Dmpu
2024-09-30 18:34:18,840 [ERROR] ConditionMgr:805 - Attr not supported : Dmpu
2024-09-30 18:34:18,840 [ERROR] ConditionMgr:805 - Attr not supported : Dmpu
2024-09-30 18:34:18,841 [ERROR] ConditionMgr:805 - Attr not supported : Dmpu
2024-09-30 18:34:18,841 [ERROR] ConditionMgr:805 - Attr not supported : Dmpu
2024-09-30 18:34:18,841 [ERROR] ConditionMgr:805 - Attr not supported : Dmpu
2024-09-30 18:34:18,841 [ERROR] ConditionMgr:805 - Attr not supported : Dmpu
2024-09-30 18:34:18,841 [ERROR] ConditionMgr:805 - Attr not supported : Dmpu
2024-09-30 18:34:18,841 [ERROR] ConditionMgr:805 - Attr not supported : Dmpu
2024-09-30 18:34:18,842 [ERROR] ConditionMgr:805 - Attr not supported : Dmpu
2024-09-30 18:34:18,842 [ERROR] ConditionMgr:805 - Attr not supported : Dmpu
2024-09-30 18:34:18,842 [ERROR] ConditionMgr:805 - Attr not supported : Dmpu
2024-09-30 18:34:18,842 [ERROR] ConditionMgr:805 - Attr not supported : Dmpu
2024-09-30 18:34:18,842 [ERROR] ConditionMgr:805 - Attr not supported : Dmpu
2024-09-30 18:34:18,843 [ERROR] ConditionMgr:805 - Attr not supported : Dmpu
2024-09-30 18:34:18,843 [ERROR] ConditionMgr:805 - Attr not supported : Dmpu
2024-09-30 18:34:18,843 [ERROR] ConditionMgr:805 - Attr not supported : Dmpu
2024-09-30 18:34:18,843 [ERROR] ConditionMgr:805 - Attr not supported : Dmpu
2024-09-30 18:34:18,843 [ERROR] ConditionMgr:805 - Attr not supported : Dmpu
2024-09-30 18:34:18,843 [ERROR] ConditionMgr:805 - Attr not supported : Dmpu
2024-09-30 18:34:18,844 [ERROR] ConditionMgr:805 - Attr not supported : Dmpu
2024-09-30 18:34:18,844 [ERROR] ConditionMgr:805 - Attr not supported : Dmpu
2024-09-30 18:34:18,844 [ERROR] ConditionMgr:805 - Attr not supported : Dmpu
2024-09-30 18:34:18,844 [ERROR] ConditionMgr:805 - Attr not supported : Dmpu
2024-09-30 18:34:18,844 [ERROR] ConditionMgr:805 - Attr not supported : Dmpu
2024-09-30 18:34:18,844 [ERROR] ConditionMgr:805 - Attr not supported : Dmpu
2024-09-30 18:34:18,851 [WARN] PackLoader:240 - Cannot read IP mode file for RealThread.X-CUBE-RT-Thread_Nano.4.1.1
2024-09-30 18:34:18,857 [WARN] PackLoader:240 - Cannot read IP mode file for STMicroelectronics.FP-ATR-SIGFOX1.3.2.0
2024-09-30 18:34:18,863 [WARN] PackLoader:240 - Cannot read IP mode file for wolfSSL.I-CUBE-wolfSSL.5.7.2
2024-09-30 18:34:18,872 [WARN] PackLoader:240 - Cannot read IP mode file for STMicroelectronics.X-CUBE-EEPRMA1.5.1.0
2024-09-30 18:34:18,939 [WARN] PackLoader:240 - Cannot read IP mode file for SEGGER.I-CUBE-embOS.1.3.1
2024-09-30 18:34:19,055 [WARN] PackLoader:240 - Cannot read IP mode file for STMicroelectronics.X-CUBE-ALGOBUILD.1.4.0
2024-09-30 18:34:19,074 [WARN] PackLoader:240 - Cannot read IP mode file for STMicroelectronics.X-CUBE-AZRTOS-F4.1.1.0
2024-09-30 18:34:19,081 [WARN] PackLoader:240 - Cannot read IP mode file for STMicroelectronics.X-CUBE-ISPU.2.1.0
2024-09-30 18:34:19,086 [WARN] PackLoader:240 - Cannot read IP mode file for STMicroelectronics.X-CUBE-FREERTOS.1.2.0
2024-09-30 18:34:19,115 [WARN] PackLoader:240 - Cannot read IP mode file for STMicroelectronics.X-CUBE-AZRTOS-L5.2.0.0
2024-09-30 18:34:19,127 [WARN] PackLoader:240 - Cannot read IP mode file for STMicroelectronics.X-CUBE-NFC6.3.1.0
2024-09-30 18:34:19,135 [WARN] PackLoader:240 - Cannot read IP mode file for STMicroelectronics.X-CUBE-DPower.1.2.0
2024-09-30 18:34:19,139 [WARN] PackLoader:240 - Cannot read IP mode file for STMicroelectronics.X-CUBE-AI.9.0.0
2024-09-30 18:34:19,144 [WARN] PackLoader:240 - Cannot read IP mode file for STMicroelectronics.X-CUBE-NFC7.1.0.1
2024-09-30 18:34:19,167 [WARN] ConditionMgr:438 - getConditionDescription Invalid condition id : LAN8742 Phy interface Condition cause : null
2024-09-30 18:34:19,168 [WARN] PackLoader:240 - Cannot read IP mode file for STMicroelectronics.X-CUBE-AZRTOS-L4.2.0.0
2024-09-30 18:34:19,170 [WARN] ConditionMgr:1039 - genDependencies : Invalid condition id : LAN8742 Phy interface Condition cause : null
2024-09-30 18:34:19,170 [WARN] ConditionMgr:1039 - genDependencies : Invalid condition id : LAN8742 Phy interface Condition cause : null
2024-09-30 18:34:19,171 [WARN] ConditionMgr:1039 - genDependencies : Invalid condition id : LAN8742 Phy interface Condition cause : null
2024-09-30 18:34:19,179 [WARN] PackLoader:240 - Cannot read IP mode file for STMicroelectronics.X-CUBE-SFXS2LP1.4.0.0
2024-09-30 18:34:19,205 [WARN] PackLoader:240 - Cannot read IP mode file for STMicroelectronics.X-CUBE-AZRTOS-H7.3.3.0
2024-09-30 18:34:19,223 [WARN] ConditionMgr:438 - getConditionDescription Invalid condition id : UX DEVICE CLASS RTOS Condition cause : null
2024-09-30 18:34:19,224 [WARN] ConditionMgr:438 - getConditionDescription Invalid condition id : UX DEVICE CLASS RTOS Condition cause : null
2024-09-30 18:34:19,226 [WARN] PackLoader:240 - Cannot read IP mode file for STMicroelectronics.X-CUBE-AZRTOS-WB.2.0.0
2024-09-30 18:34:19,227 [WARN] ConditionMgr:1039 - genDependencies : Invalid condition id : UX DEVICE CLASS RTOS Condition cause : null
2024-09-30 18:34:19,227 [WARN] ConditionMgr:1039 - genDependencies : Invalid condition id : UX DEVICE CLASS RTOS Condition cause : null
2024-09-30 18:34:19,228 [WARN] ConditionMgr:1039 - genDependencies : Invalid condition id : UX DEVICE CLASS RTOS Condition cause : null
2024-09-30 18:34:19,228 [WARN] ConditionMgr:1039 - genDependencies : Invalid condition id : UX DEVICE CLASS RTOS Condition cause : null
2024-09-30 18:34:19,228 [WARN] ConditionMgr:1039 - genDependencies : Invalid condition id : UX DEVICE CLASS RTOS Condition cause : null
2024-09-30 18:34:19,234 [WARN] PackLoader:240 - Cannot read IP mode file for STMicroelectronics.X-CUBE-GNSS1.7.0.0
2024-09-30 18:34:19,242 [WARN] PackLoader:240 - Cannot read IP mode file for STMicroelectronics.FP-SNS-STBOX1.2.0.0
2024-09-30 18:34:19,256 [WARN] PackLoader:240 - Cannot read IP mode file for STMicroelectronics.X-CUBE-SUBG2.5.0.0
2024-09-30 18:34:19,265 [WARN] PackLoader:240 - Cannot read IP mode file for Cesanta.I-CUBE-Mongoose.7.13.0
2024-09-30 18:34:19,282 [WARN] PackLoader:240 - Cannot read IP mode file for STMicroelectronics.X-CUBE-AZRTOS-G4.2.0.0
2024-09-30 18:34:19,288 [WARN] PackLoader:240 - Cannot read IP mode file for STMicroelectronics.X-CUBE-ALS.1.0.2
2024-09-30 18:34:19,293 [WARN] PackLoader:240 - Cannot read IP mode file for STMicroelectronics.X-CUBE-TOUCHGFX.4.24.0
2024-09-30 18:34:19,296 [WARN] PackLoader:240 - Cannot read IP mode file for STMicroelectronics.X-CUBE-TOUCHGFX.4.24.1
2024-09-30 18:34:19,299 [WARN] PackLoader:240 - Cannot read IP mode file for wolfSSL.I-CUBE-wolfTPM.3.4.0
2024-09-30 18:34:19,303 [WARN] PackLoader:240 - Cannot read IP mode file for portGmbH.I-Cube-SoM-uGOAL.1.1.0
2024-09-30 18:34:19,325 [WARN] PackLoader:240 - Cannot read IP mode file for STMicroelectronics.X-CUBE-AZRTOS-H7RS.1.0.0
2024-09-30 18:34:19,340 [WARN] PackLoader:240 - Cannot read IP mode file for STMicroelectronics.FP-ATR-ASTRA1.2.0.0
2024-09-30 18:34:19,361 [WARN] PackLoader:240 - Cannot read IP mode file for STMicroelectronics.X-CUBE-TOF1.3.4.2
2024-09-30 18:34:19,403 [WARN] PackLoader:240 - Cannot read IP mode file for Infineon.AIROC-Wi-Fi-Bluetooth-STM32.1.6.1
2024-09-30 18:34:19,410 [WARN] PackLoader:240 - Cannot read IP mode file for wolfSSL.I-CUBE-wolfSSH.1.4.17
2024-09-30 18:34:19,411 [INFO] ThirdParty:978 - Integrity check success = true
2024-09-30 18:34:19,411 [INFO] IntegrityCheckThread:100 - exiting critical section [integrity check]
2024-09-30 18:34:19,411 [INFO] IntegrityCheckThread:103 - End integrity checks thread
