2024-09-23 18:47:18,553 [INFO] Activator:176 - 


2024-09-23 18:47:18,559 [INFO] Activator:177 - !SESSION log4j initialized
2024-09-23 18:47:24,700 [INFO] LogOutputStream:77 - [STDOUT_REDIRECT] 
2024-09-23 18:47:25,843 [INFO] ApplicationProperties:184 - Using Application install path: /opt/st/stm32cubeide_1.16.0/plugins/com.st.stm32cube.common.mx_6.12.0.202406281431
2024-09-23 18:47:25,869 [INFO] DbMcusXml:78 - Set database path to: /opt/st/stm32cubeide_1.16.0/plugins/com.st.stm32cube.common.mx_6.12.0.202406281431//db//mcu/
2024-09-23 18:47:25,869 [INFO] ApiDb:274 - Set plugin database path to: /opt/st/stm32cubeide_1.16.0/plugins/com.st.stm32cube.common.mx_6.12.0.202406281431//db//plugins/boardmanager/
2024-09-23 18:47:25,870 [WARN] ApiDb:259 - Overriding images path with different value:  => /opt/st/stm32cubeide_1.16.0/plugins/com.st.stm32cube.common.mx_6.12.0.202406281431//db//plugins/mcufinder/images/
2024-09-23 18:47:25,876 [INFO] ApiDb:250 - Set database path to: /home/gauri/.stmcufinder/plugins/mcufinder//mcu/
2024-09-23 18:47:25,878 [INFO] DbMcusAds:125 - Set database path to: /home/gauri/.stmcufinder/plugins/mcufinder//mcu/
2024-09-23 18:47:25,881 [INFO] CrossReferenceDbSqlite:203 - Set database path to: /home/gauri/.stmcufinder/plugins/mcufinder//mcu/cs/
2024-09-23 18:47:26,102 [INFO] RulesReader:64 - Compatibility file has been processed (297 Rules)
2024-09-23 18:47:26,201 [INFO] DbMcusXml:78 - Set database path to: /opt/st/stm32cubeide_1.16.0/plugins/com.st.stm32cube.common.mx_6.12.0.202406281431//db//mcu/
2024-09-23 18:47:26,201 [INFO] ApiDb:274 - Set plugin database path to: /opt/st/stm32cubeide_1.16.0/plugins/com.st.stm32cube.common.mx_6.12.0.202406281431//db//plugins/boardmanager/
2024-09-23 18:47:26,201 [INFO] ApiDb:261 - Set plugin images path to: /opt/st/stm32cubeide_1.16.0/plugins/com.st.stm32cube.common.mx_6.12.0.202406281431//db//plugins/mcufinder/images/
2024-09-23 18:47:26,202 [WARN] DbFile:41 - Overriding database path with different value: /home/gauri/.stmcufinder/plugins/mcufinder/ => /home/gauri/.stmcufinder/plugins/mcufinder
2024-09-23 18:47:26,202 [INFO] ApiDb:250 - Set database path to: /home/gauri/.stmcufinder/plugins/mcufinder//mcu/
2024-09-23 18:47:26,202 [WARN] DbFile:41 - Overriding database path with different value: /home/gauri/.stmcufinder/plugins/mcufinder/ => /home/gauri/.stmcufinder/plugins/mcufinder
2024-09-23 18:47:26,203 [INFO] DbMcusAds:125 - Set database path to: /home/gauri/.stmcufinder/plugins/mcufinder//mcu/
2024-09-23 18:47:26,203 [WARN] DbFile:41 - Overriding database path with different value: /home/gauri/.stmcufinder/plugins/mcufinder/ => /home/gauri/.stmcufinder/plugins/mcufinder
2024-09-23 18:47:26,203 [WARN] DbFile:41 - Overriding database path with different value: /home/gauri/.stmcufinder/plugins/mcufinder/ => /home/gauri/.stmcufinder/plugins/mcufinder
2024-09-23 18:47:26,203 [INFO] CrossReferenceDbSqlite:203 - Set database path to: /home/gauri/.stmcufinder/plugins/mcufinder//mcu/cs/
2024-09-23 18:47:26,306 [INFO] MainPanel:268 - HeapMemory: 268435456
2024-09-23 18:47:26,465 [INFO] DbMcusXml:78 - Set database path to: /opt/st/stm32cubeide_1.16.0/plugins/com.st.stm32cube.common.mx_6.12.0.202406281431//db//mcu/
2024-09-23 18:47:26,465 [INFO] ApiDb:274 - Set plugin database path to: /opt/st/stm32cubeide_1.16.0/plugins/com.st.stm32cube.common.mx_6.12.0.202406281431//db//plugins/boardmanager/
2024-09-23 18:47:26,465 [INFO] ApiDb:261 - Set plugin images path to: /opt/st/stm32cubeide_1.16.0/plugins/com.st.stm32cube.common.mx_6.12.0.202406281431//db//plugins/mcufinder/images/
2024-09-23 18:47:26,466 [WARN] DbFile:41 - Overriding database path with different value: /home/gauri/.stmcufinder/plugins/mcufinder/ => /home/gauri/.stmcufinder/plugins/mcufinder
2024-09-23 18:47:26,466 [INFO] ApiDb:250 - Set database path to: /home/gauri/.stmcufinder/plugins/mcufinder//mcu/
2024-09-23 18:47:26,466 [WARN] DbFile:41 - Overriding database path with different value: /home/gauri/.stmcufinder/plugins/mcufinder/ => /home/gauri/.stmcufinder/plugins/mcufinder
2024-09-23 18:47:26,466 [INFO] DbMcusAds:125 - Set database path to: /home/gauri/.stmcufinder/plugins/mcufinder//mcu/
2024-09-23 18:47:26,466 [WARN] DbFile:41 - Overriding database path with different value: /home/gauri/.stmcufinder/plugins/mcufinder/ => /home/gauri/.stmcufinder/plugins/mcufinder
2024-09-23 18:47:26,467 [WARN] DbFile:41 - Overriding database path with different value: /home/gauri/.stmcufinder/plugins/mcufinder/ => /home/gauri/.stmcufinder/plugins/mcufinder
2024-09-23 18:47:26,467 [INFO] CrossReferenceDbSqlite:203 - Set database path to: /home/gauri/.stmcufinder/plugins/mcufinder//mcu/cs/
2024-09-23 18:47:26,490 [INFO] ApplicationProperties:184 - Using Application install path: /opt/st/stm32cubeide_1.16.0/plugins/com.st.stm32cube.common.mx_6.12.0.202406281431
2024-09-23 18:47:26,493 [INFO] PluginManage:196 - Search for loadable plugins [exclusion list=, ]
2024-09-23 18:47:26,494 [INFO] PluginManage:310 - Check plugin analytics
2024-09-23 18:47:26,806 [INFO] AnalyticsPlugin:253 - Accepted Software Licenses: 
2024-09-23 18:47:26,807 [INFO] AnalyticsPlugin:255 - Accepted CMSIS Pack Licenses: 
2024-09-23 18:47:26,807 [INFO] AnalyticsPlugin:257 - Accepted Firmware Licenses: 
2024-09-23 18:47:26,812 [INFO] PluginManage:359 - Loaded plugin analytics (category:tool,tabindex:-1)
2024-09-23 18:47:26,813 [INFO] PluginManage:310 - Check plugin cadmodel
2024-09-23 18:47:26,819 [INFO] CADModel:105 - Init CAD model plugin
2024-09-23 18:47:26,819 [INFO] PluginManage:359 - Loaded plugin cadmodel (category:power,tabindex:5)
2024-09-23 18:47:26,820 [INFO] PluginManage:310 - Check plugin clock
2024-09-23 18:47:26,836 [INFO] PluginManage:359 - Loaded plugin clock (category:base,tabindex:2)
2024-09-23 18:47:26,837 [INFO] PluginManage:310 - Check plugin ddr
2024-09-23 18:47:26,841 [INFO] PluginManage:359 - Loaded plugin ddr (category:tool,tabindex:6)
2024-09-23 18:47:26,841 [INFO] PluginManage:310 - Check plugin filemanager
2024-09-23 18:47:27,075 [INFO] PluginManage:359 - Loaded plugin filemanager (category:base,tabindex:10)
2024-09-23 18:47:27,075 [INFO] PluginManage:310 - Check plugin ipmanager
2024-09-23 18:47:27,083 [INFO] PluginManage:359 - Loaded plugin ipmanager (category:base,tabindex:5)
2024-09-23 18:47:27,084 [INFO] PluginManage:310 - Check plugin lpbam
2024-09-23 18:47:27,098 [INFO] PluginManage:359 - Loaded plugin lpbam (category:base,tabindex:0)
2024-09-23 18:47:27,098 [INFO] PluginManage:310 - Check plugin memorymap
2024-09-23 18:47:27,115 [INFO] PluginManage:359 - Loaded plugin memorymap (category:base,tabindex:4)
2024-09-23 18:47:27,115 [INFO] PluginManage:310 - Check plugin pinoutandconfiguration
2024-09-23 18:47:27,127 [INFO] PluginManage:359 - Loaded plugin pinoutandconfiguration (category:base,tabindex:1)
2024-09-23 18:47:27,127 [INFO] PluginManage:310 - Check plugin pinoutconfig
2024-09-23 18:47:27,257 [WARN] SupportedApi:132 - Cannot load RTOS API schema: s4s-elt-must-match.1: The content of 'definitions' must match (annotation?, (simpleType | complexType)?, (unique | key | keyref)*)). A problem was found starting at: attribute.
2024-09-23 18:47:27,447 [INFO] PluginManage:359 - Loaded plugin pinoutconfig (category:base,tabindex:0)
2024-09-23 18:47:27,447 [INFO] PluginManage:310 - Check plugin power
2024-09-23 18:47:27,458 [INFO] PluginManage:359 - Loaded plugin power (category:power,tabindex:4)
2024-09-23 18:47:27,459 [INFO] PluginManage:310 - Check plugin projectmanager
2024-09-23 18:47:27,482 [INFO] PluginManage:359 - Loaded plugin projectmanager (category:projectmanager,tabindex:4)
2024-09-23 18:47:27,483 [INFO] PluginManage:310 - Check plugin rif
2024-09-23 18:47:27,489 [INFO] PluginManage:359 - Loaded plugin rif (category:base,tabindex:3)
2024-09-23 18:47:27,489 [INFO] PluginManage:310 - Check plugin thirdparty
2024-09-23 18:47:27,700 [INFO] PluginManage:359 - Loaded plugin thirdparty (category:base,tabindex:-1)
2024-09-23 18:47:27,700 [WARN] IntegrityCheckThread:84 - waiting for thirdparty lock release [integrity check]
2024-09-23 18:47:27,701 [INFO] PluginManage:310 - Check plugin tools
2024-09-23 18:47:27,701 [INFO] IntegrityCheckThread:86 - entering critical section [integrity check]
2024-09-23 18:47:27,702 [INFO] ThirdPartyUpdaterWithRetryManager:70 - Updater plugin not ready yet. [1/15]
2024-09-23 18:47:27,704 [INFO] PluginManage:359 - Loaded plugin tools (category:base,tabindex:7)
2024-09-23 18:47:27,704 [INFO] PluginManage:310 - Check plugin tutovideos
2024-09-23 18:47:28,008 [INFO] PluginManage:359 - Loaded plugin tutovideos (category:base,tabindex:-1)
2024-09-23 18:47:28,009 [INFO] PluginManage:310 - Check plugin updater
2024-09-23 18:47:28,042 [INFO] PluginManage:359 - Loaded plugin updater (category:base,tabindex:12)
2024-09-23 18:47:28,043 [INFO] PluginManage:310 - Check plugin userauth
2024-09-23 18:47:28,053 [INFO] UserAuth:113 - Init User Auth plugin
2024-09-23 18:47:28,053 [INFO] PluginManage:359 - Loaded plugin userauth (category:base,tabindex:14)
2024-09-23 18:47:28,054 [INFO] PluginManage:283 - PluginManage : Loaded plugins [18]
2024-09-23 18:47:28,427 [INFO] PinOutPanel:1561 - setPackage(No Configuration,No Configuration)
2024-09-23 18:47:28,550 [INFO] CADModel:165 - CPN selected for project level
2024-09-23 18:47:28,550 [INFO] CADModel:114 - Register for checkConnection events
2024-09-23 18:47:28,568 [INFO] IPUIPlugin:80 - create IPUIPlugin
2024-09-23 18:47:28,568 [INFO] PluginManager:220 - loadIPPluginJar : add cryp
2024-09-23 18:47:28,570 [INFO] IPUIPlugin:80 - create IPUIPlugin
2024-09-23 18:47:28,570 [INFO] PluginManager:220 - loadIPPluginJar : add quadspi
2024-09-23 18:47:28,573 [INFO] IPUIPlugin:80 - create IPUIPlugin
2024-09-23 18:47:28,573 [INFO] PluginManager:220 - loadIPPluginJar : add hash
2024-09-23 18:47:28,575 [INFO] IPUIPlugin:80 - create IPUIPlugin
2024-09-23 18:47:28,575 [INFO] PluginManager:220 - loadIPPluginJar : add tsc
2024-09-23 18:47:28,579 [INFO] IPUIPlugin:80 - create IPUIPlugin
2024-09-23 18:47:28,579 [INFO] PluginManager:220 - loadIPPluginJar : add sai
2024-09-23 18:47:28,586 [INFO] IPUIPlugin:80 - create IPUIPlugin
2024-09-23 18:47:28,587 [INFO] PluginManager:220 - loadIPPluginJar : add gic
2024-09-23 18:47:28,589 [INFO] IPUIPlugin:80 - create IPUIPlugin
2024-09-23 18:47:28,589 [INFO] PluginManager:220 - loadIPPluginJar : add tim
2024-09-23 18:47:28,593 [INFO] IPUIPlugin:80 - create IPUIPlugin
2024-09-23 18:47:28,594 [INFO] PluginManager:220 - loadIPPluginJar : add i3c
2024-09-23 18:47:28,599 [INFO] IPUIPlugin:80 - create IPUIPlugin
2024-09-23 18:47:28,600 [INFO] PluginManager:220 - loadIPPluginJar : add ipddr
2024-09-23 18:47:28,602 [INFO] IPUIPlugin:80 - create IPUIPlugin
2024-09-23 18:47:28,602 [INFO] PluginManager:220 - loadIPPluginJar : add fatfs
2024-09-23 18:47:28,605 [INFO] IPUIPlugin:80 - create IPUIPlugin
2024-09-23 18:47:28,605 [INFO] PluginManager:220 - loadIPPluginJar : add i2c
2024-09-23 18:47:28,615 [INFO] IPUIPlugin:80 - create IPUIPlugin
2024-09-23 18:47:28,615 [INFO] PluginManager:220 - loadIPPluginJar : add stm32_wpan
2024-09-23 18:47:28,621 [INFO] IPUIPlugin:80 - create IPUIPlugin
2024-09-23 18:47:28,622 [INFO] PluginManager:220 - loadIPPluginJar : add gpio
2024-09-23 18:47:28,628 [INFO] IPUIPlugin:80 - create IPUIPlugin
2024-09-23 18:47:28,629 [INFO] PluginManager:220 - loadIPPluginJar : add fmc
2024-09-23 18:47:28,633 [INFO] IPUIPlugin:80 - create IPUIPlugin
2024-09-23 18:47:28,634 [INFO] PluginManager:220 - loadIPPluginJar : add touchsensing
2024-09-23 18:47:28,638 [INFO] IPUIPlugin:80 - create IPUIPlugin
2024-09-23 18:47:28,638 [INFO] PluginManager:220 - loadIPPluginJar : add nvic
2024-09-23 18:47:28,646 [INFO] IPUIPlugin:80 - create IPUIPlugin
2024-09-23 18:47:28,646 [INFO] PluginManager:220 - loadIPPluginJar : add freertos
2024-09-23 18:47:28,649 [INFO] IPUIPlugin:80 - create IPUIPlugin
2024-09-23 18:47:28,649 [INFO] PluginManager:220 - loadIPPluginJar : add tracer_emb
2024-09-23 18:47:28,651 [INFO] IPUIPlugin:80 - create IPUIPlugin
2024-09-23 18:47:28,652 [INFO] PluginManager:220 - loadIPPluginJar : add radio
2024-09-23 18:47:28,661 [INFO] IPUIPlugin:80 - create IPUIPlugin
2024-09-23 18:47:28,667 [INFO] PluginManager:220 - loadIPPluginJar : add plateformsettings
2024-09-23 18:47:28,669 [INFO] IPUIPlugin:80 - create IPUIPlugin
2024-09-23 18:47:28,669 [INFO] PluginManager:220 - loadIPPluginJar : add comp
2024-09-23 18:47:28,672 [INFO] IPUIPlugin:80 - create IPUIPlugin
2024-09-23 18:47:28,673 [INFO] PluginManager:220 - loadIPPluginJar : add dfsdm
2024-09-23 18:47:28,675 [INFO] IPUIPlugin:80 - create IPUIPlugin
2024-09-23 18:47:28,675 [INFO] PluginManager:220 - loadIPPluginJar : add ts
2024-09-23 18:47:28,678 [INFO] IPUIPlugin:80 - create IPUIPlugin
2024-09-23 18:47:28,679 [INFO] PluginManager:220 - loadIPPluginJar : add can
2024-09-23 18:47:28,681 [INFO] IPUIPlugin:80 - create IPUIPlugin
2024-09-23 18:47:28,681 [INFO] PluginManager:220 - loadIPPluginJar : add ucpd
2024-09-23 18:47:28,694 [INFO] IPUIPlugin:80 - create IPUIPlugin
2024-09-23 18:47:28,694 [INFO] PluginManager:220 - loadIPPluginJar : add linkedlist
2024-09-23 18:47:28,699 [INFO] IPUIPlugin:80 - create IPUIPlugin
2024-09-23 18:47:28,699 [INFO] PluginManager:220 - loadIPPluginJar : add gtzc
2024-09-23 18:47:28,702 [INFO] IPUIPlugin:80 - create IPUIPlugin
2024-09-23 18:47:28,703 [INFO] PluginManager:220 - loadIPPluginJar : add aes
2024-09-23 18:47:28,706 [INFO] IPUIPlugin:80 - create IPUIPlugin
2024-09-23 18:47:28,706 [INFO] PluginManager:220 - loadIPPluginJar : add dma3
2024-09-23 18:47:28,708 [INFO] IPUIPlugin:80 - create IPUIPlugin
2024-09-23 18:47:28,708 [INFO] PluginManager:220 - loadIPPluginJar : add ltdc
2024-09-23 18:47:28,718 [INFO] IPUIPlugin:80 - create IPUIPlugin
2024-09-23 18:47:28,718 [INFO] PluginManager:220 - loadIPPluginJar : add dma
2024-09-23 18:47:28,721 [INFO] IPUIPlugin:80 - create IPUIPlugin
2024-09-23 18:47:28,721 [INFO] PluginManager:220 - loadIPPluginJar : add spi
2024-09-23 18:47:28,725 [INFO] IPUIPlugin:80 - create IPUIPlugin
2024-09-23 18:47:28,725 [INFO] PluginManager:220 - loadIPPluginJar : add extmemmanager
2024-09-23 18:47:28,730 [INFO] IPUIPlugin:80 - create IPUIPlugin
2024-09-23 18:47:28,730 [INFO] PluginManager:220 - loadIPPluginJar : add opamp
2024-09-23 18:47:28,734 [INFO] IPUIPlugin:80 - create IPUIPlugin
2024-09-23 18:47:28,734 [INFO] PluginManager:220 - loadIPPluginJar : add ddr_ctrl_phy
2024-09-23 18:47:28,738 [INFO] IPUIPlugin:80 - create IPUIPlugin
2024-09-23 18:47:28,739 [INFO] PluginManager:220 - loadIPPluginJar : add openamp
2024-09-23 18:47:28,744 [INFO] IPUIPlugin:80 - create IPUIPlugin
2024-09-23 18:47:28,744 [INFO] PluginManager:220 - loadIPPluginJar : add usbx
2024-09-23 18:47:28,748 [INFO] IPUIPlugin:80 - create IPUIPlugin
2024-09-23 18:47:28,748 [INFO] PluginManager:220 - loadIPPluginJar : add lorawan
2024-09-23 18:47:28,751 [INFO] IPUIPlugin:80 - create IPUIPlugin
2024-09-23 18:47:28,751 [INFO] PluginManager:220 - loadIPPluginJar : add gfxmmu
2024-09-23 18:47:28,756 [INFO] IPUIPlugin:80 - create IPUIPlugin
2024-09-23 18:47:28,756 [INFO] PluginManager:220 - loadIPPluginJar : add resmgrutility
2024-09-23 18:47:28,765 [INFO] IPUIPlugin:80 - create IPUIPlugin
2024-09-23 18:47:28,766 [INFO] PluginManager:220 - loadIPPluginJar : add adc
2024-09-23 18:47:28,774 [INFO] IPUIPlugin:80 - create IPUIPlugin
2024-09-23 18:47:28,774 [INFO] PluginManager:220 - loadIPPluginJar : add mdma
2024-09-23 18:47:28,778 [INFO] IPUIPlugin:80 - create IPUIPlugin
2024-09-23 18:47:28,779 [INFO] PluginManager:220 - loadIPPluginJar : add usart
2024-09-23 18:47:28,783 [INFO] IPUIPlugin:80 - create IPUIPlugin
2024-09-23 18:47:28,783 [INFO] PluginManager:220 - loadIPPluginJar : add pdm2pcm
2024-09-23 18:47:28,786 [INFO] IPUIPlugin:80 - create IPUIPlugin
2024-09-23 18:47:28,786 [INFO] PluginManager:220 - loadIPPluginJar : add genericplugin
2024-09-23 18:47:28,790 [INFO] IPUIPlugin:80 - create IPUIPlugin
2024-09-23 18:47:28,790 [INFO] PluginManager:220 - loadIPPluginJar : add i2s
2024-09-23 18:47:28,921 [INFO] CADModel:165 - CPN selected for project level
2024-09-23 18:47:28,921 [INFO] CADModel:114 - Register for checkConnection events
2024-09-23 18:47:28,921 [FATAL] Updater:334 - Updater called before beeing initialized
2024-09-23 18:47:28,922 [ERROR] CADModel:125 - Updater not yet initialized, retry later 
2024-09-23 18:47:29,121 [INFO] CADModel:165 - CPN selected for project level
2024-09-23 18:47:29,121 [INFO] CADModel:114 - Register for checkConnection events
2024-09-23 18:47:29,121 [FATAL] Updater:334 - Updater called before beeing initialized
2024-09-23 18:47:29,122 [ERROR] CADModel:125 - Updater not yet initialized, retry later 
2024-09-23 18:47:29,128 [FATAL] Updater:334 - Updater called before beeing initialized
2024-09-23 18:47:29,273 [FATAL] Updater:334 - Updater called before beeing initialized
2024-09-23 18:47:29,280 [INFO] DbMcusAds:53 - JSON generation date=Fri Sep 20 18:34:23 IST 2024 (1726837463113)
2024-09-23 18:47:29,280 [FATAL] Updater:334 - Updater called before beeing initialized
2024-09-23 18:47:29,360 [WARN] DetailPanel:346 - Failed to get advertising image, set to default
2024-09-23 18:47:29,496 [FATAL] Updater:334 - Updater called before beeing initialized
2024-09-23 18:47:29,498 [FATAL] Updater:334 - Updater called before beeing initialized
2024-09-23 18:47:29,498 [FATAL] Updater:334 - Updater called before beeing initialized
2024-09-23 18:47:29,498 [WARN] DetailPanel:346 - Failed to get advertising image, set to default
2024-09-23 18:47:29,500 [FATAL] Updater:334 - Updater called before beeing initialized
2024-09-23 18:47:29,543 [ERROR] Updater:1164 - MainUpdater not yet initialized. External WinMGr cannot be set.
2024-09-23 18:47:29,546 [INFO] Updater:1100 - Updater Version found : 6.12.0
2024-09-23 18:47:29,572 [INFO] ApplicationProperties:184 - Using Application install path: /opt/st/stm32cubeide_1.16.0/plugins/com.st.stm32cube.common.mx_6.12.0.202406281431
2024-09-23 18:47:29,593 [ERROR] LogOutputStream:75 - [STDERR_REDIRECT] Sep 23, 2024 6:47:29 PM java.util.prefs.FileSystemPreferences$2 run
2024-09-23 18:47:29,594 [ERROR] LogOutputStream:75 - [STDERR_REDIRECT] WARNING: Could not create system preferences directory. System preferences are unusable.
2024-09-23 18:47:29,594 [ERROR] LogOutputStream:75 - [STDERR_REDIRECT] 
2024-09-23 18:47:30,023 [INFO] MainUpdater:2873 - connection check result : 10
2024-09-23 18:47:30,023 [INFO] MainUpdater:3567 - Updater definition file requires update
2024-09-23 18:47:30,024 [INFO] MainUpdater:290 - Updater Check For Update Now.
2024-09-23 18:47:30,024 [INFO] MicroXplorer:498 - Change Database Version : DB.6.0.120
2024-09-23 18:47:30,032 [INFO] McuFinderGlobals:63 - Set McuFinder mode to 2 (CubeIDE integrated)
2024-09-23 18:47:30,032 [INFO] UserAuth:179 - activating auth plugin
2024-09-23 18:47:30,036 [INFO] UserAuth:417 - Internet connection configuration mode: 1
2024-09-23 18:47:30,050 [INFO] JxBrowserEngine:152 - Initiate JxBrowser Engine with user profile folder
2024-09-23 18:47:30,193 [INFO] ServerAccessManage:473 - Download File updaters.zip
2024-09-23 18:47:30,496 [INFO] FileExtend:240 - Unzip File : updaters.zip
2024-09-23 18:47:30,496 [INFO] FileExtend:255 - Standard Zip Deflate
2024-09-23 18:47:30,703 [WARN] MainUpdater:1194 - Updater busy. Cannot search thirdparties
2024-09-23 18:47:30,703 [INFO] ThirdPartyUpdaterWithRetryManager:96 - Updater plugin is busy. [1/15]
2024-09-23 18:47:30,740 [INFO] ServerAccessManage:473 - Download File PacksControlFlags.xml
2024-09-23 18:47:30,873 [INFO] ServerAccessManage:473 - Download File cubemx.pidx
2024-09-23 18:47:31,099 [INFO] WebApp:167 - Instantiating new browser for Auth
2024-09-23 18:47:32,493 [INFO] WebApp:448 - Apply proxy settings
2024-09-23 18:47:32,493 [INFO] WebApp:533 - Chromium requires no authentication
2024-09-23 18:47:32,505 [INFO] WebApp:476 - Direct internet connection detected
2024-09-23 18:47:32,544 [INFO] WebApp:869 - Register for checkConnection events
2024-09-23 18:47:32,545 [INFO] WebApp:448 - Apply proxy settings
2024-09-23 18:47:32,545 [INFO] WebApp:533 - Chromium requires no authentication
2024-09-23 18:47:32,547 [INFO] WebApp:476 - Direct internet connection detected
2024-09-23 18:47:32,881 [INFO] WebApp:220 - Starting web application
2024-09-23 18:47:32,882 [INFO] WebApp:578 - Web application path used /opt/st/stm32cubeide_1.16.0/plugins/com.st.stm32cube.common.mx_6.12.0.202406281431/db/plugins/mcufinder/reactClient1/index.html
2024-09-23 18:47:33,658 [INFO] ServerAccessManage:473 - Download File STMicroelectronics.X-CUBE-TOUCHGFX.pdsc
2024-09-23 18:47:33,704 [WARN] MainUpdater:1194 - Updater busy. Cannot search thirdparties
2024-09-23 18:47:33,704 [INFO] ThirdPartyUpdaterWithRetryManager:96 - Updater plugin is busy. [2/15]
2024-09-23 18:47:34,226 [INFO] WebApp:186 - Connection restablished
2024-09-23 18:47:36,704 [WARN] MainUpdater:1194 - Updater busy. Cannot search thirdparties
2024-09-23 18:47:36,704 [INFO] ThirdPartyUpdaterWithRetryManager:96 - Updater plugin is busy. [3/15]
2024-09-23 18:47:39,266 [ERROR] ServerAccessManage:1172 - Problem during Server Connection :  IO error PKIX path building failed: sun.security.provider.certpath.SunCertPathBuilderException: unable to find valid certification path to requested target
2024-09-23 18:47:39,267 [ERROR] ServerAccessManage:651 - Problem during Server Connection :  : portGmbH.I-Cube-SoM-uGOAL.pdsc.
2024-09-23 18:47:39,705 [WARN] MainUpdater:1194 - Updater busy. Cannot search thirdparties
2024-09-23 18:47:39,705 [INFO] ThirdPartyUpdaterWithRetryManager:96 - Updater plugin is busy. [4/15]
2024-09-23 18:47:39,781 [ERROR] ServerAccessManage:1172 - Problem during Server Connection :  IO error PKIX path building failed: sun.security.provider.certpath.SunCertPathBuilderException: unable to find valid certification path to requested target
2024-09-23 18:47:39,781 [ERROR] ServerAccessManage:651 - Problem during Server Connection :  : emotas.I-CUBE-CANOPEN.pdsc.
2024-09-23 18:47:40,560 [ERROR] ServerAccessManage:1172 - Problem during Server Connection :  IO error PKIX path building failed: sun.security.provider.certpath.SunCertPathBuilderException: unable to find valid certification path to requested target
2024-09-23 18:47:40,560 [ERROR] ServerAccessManage:651 - Problem during Server Connection :  : WES.I-CUBE-Cesium.pdsc.
2024-09-23 18:47:41,368 [ERROR] ServerAccessManage:1172 - Problem during Server Connection :  IO error PKIX path building failed: sun.security.provider.certpath.SunCertPathBuilderException: unable to find valid certification path to requested target
2024-09-23 18:47:41,369 [ERROR] ServerAccessManage:651 - Problem during Server Connection :  : ITTIA_DB.I-CUBE-ITTIADB.pdsc.
2024-09-23 18:47:41,738 [WARN] PackLoader:240 - Cannot read IP mode file for STMicroelectronics.X-CUBE-TOUCHGFX.4.24.1
2024-09-23 18:47:41,740 [INFO] PopulateThirdPartyThread:66 - Ending populate Thread
2024-09-23 18:47:41,742 [INFO] ThirdParty:1030 - CMSIS Pack Vendor :STMicroelectronics X-CUBE-TOUCHGFX 4.24.1
2024-09-23 18:47:41,742 [INFO] LoadServerUpdatesThread:375 - End of LoadServerUpdate Thread
2024-09-23 18:47:41,898 [INFO] CheckServerUpdateThread:120 - End of CheckServer Thread
2024-09-23 18:47:42,838 [WARN] PackLoader:240 - Cannot read IP mode file for STMicroelectronics.FP-SNS-MOTENVWB1.1.4.0
2024-09-23 18:47:42,847 [WARN] PackLoader:240 - Cannot read IP mode file for STMicroelectronics.X-CUBE-SMBUS.2.1.0
2024-09-23 18:47:42,891 [WARN] PackLoader:240 - Cannot read IP mode file for STMicroelectronics.X-CUBE-AZRTOS-F7.1.1.0
2024-09-23 18:47:43,012 [WARN] PackLoader:240 - Cannot read IP mode file for STMicroelectronics.X-CUBE-MEMS1.11.0.0
2024-09-23 18:47:43,295 [WARN] PackLoader:240 - Cannot read IP mode file for STMicroelectronics.FP-SNS-FLIGHT1.5.0.2
2024-09-23 18:47:43,303 [WARN] PackLoader:240 - Cannot read IP mode file for STMicroelectronics.X-CUBE-DISPLAY.3.0.0
2024-09-23 18:47:43,316 [WARN] PackLoader:240 - Cannot read IP mode file for STMicroelectronics.X-CUBE-BLE1.7.0.0
2024-09-23 18:47:43,328 [WARN] PackLoader:240 - Cannot read IP mode file for STMicroelectronics.X-CUBE-BLEMGR.3.1.0
2024-09-23 18:47:43,335 [WARN] PackLoader:240 - Cannot read IP mode file for STMicroelectronics.FP-SNS-SMARTAG2.1.2.0
2024-09-23 18:47:43,347 [INFO] LogOutputStream:77 - [STDOUT_REDIRECT] 1 : Invalid condition id : UX_CORESTACK_Condition cause : null
2024-09-23 18:47:43,348 [INFO] LogOutputStream:77 - [STDOUT_REDIRECT] 1 : Invalid condition id : UX_CORESTACK_Condition cause : null
2024-09-23 18:47:43,348 [INFO] LogOutputStream:77 - [STDOUT_REDIRECT] 1 : Invalid condition id : UX_CORESTACK_Condition cause : null
2024-09-23 18:47:43,349 [INFO] LogOutputStream:77 - [STDOUT_REDIRECT] 1 : Invalid condition id : UX_CORESTACK_Condition cause : null
2024-09-23 18:47:43,349 [INFO] LogOutputStream:77 - [STDOUT_REDIRECT] 1 : Invalid condition id : UX_CORESTACK_Condition cause : null
2024-09-23 18:47:43,353 [WARN] PackLoader:240 - Cannot read IP mode file for STMicroelectronics.X-CUBE-AZRTOS-WL.2.0.0
2024-09-23 18:47:43,359 [WARN] PackLoader:240 - Cannot read IP mode file for STMicroelectronics.FP-SNS-MOTENV1.5.0.0
2024-09-23 18:47:43,364 [WARN] PackLoader:240 - Cannot read IP mode file for wolfSSL.I-CUBE-wolfMQTT.1.19.0
2024-09-23 18:47:43,369 [WARN] PackLoader:240 - Cannot read IP mode file for STMicroelectronics.X-CUBE-BLE2.3.3.0
2024-09-23 18:47:43,375 [WARN] PackLoader:240 - Cannot read IP mode file for STMicroelectronics.X-CUBE-TCPP.4.1.0
2024-09-23 18:47:43,397 [WARN] PackLoader:240 - Cannot read IP mode file for STMicroelectronics.X-CUBE-AZRTOS-G0.1.1.0
2024-09-23 18:47:43,407 [WARN] PackLoader:240 - Cannot read IP mode file for STMicroelectronics.X-CUBE-SAFEA1.1.2.2
2024-09-23 18:47:43,415 [WARN] PackLoader:240 - Cannot read IP mode file for STMicroelectronics.X-CUBE-NFC4.3.0.0
2024-09-23 18:47:43,430 [WARN] PackLoader:240 - Cannot read IP mode file for EmbeddedOffice.I-CUBE-FS-RTOS.1.0.1
2024-09-23 18:47:43,430 [ERROR] ConditionMgr:805 - Attr not supported : Dmpu
2024-09-23 18:47:43,430 [ERROR] ConditionMgr:805 - Attr not supported : Dmpu
2024-09-23 18:47:43,430 [ERROR] ConditionMgr:805 - Attr not supported : Dmpu
2024-09-23 18:47:43,431 [ERROR] ConditionMgr:805 - Attr not supported : Dmpu
2024-09-23 18:47:43,431 [ERROR] ConditionMgr:805 - Attr not supported : Dmpu
2024-09-23 18:47:43,431 [ERROR] ConditionMgr:805 - Attr not supported : Dmpu
2024-09-23 18:47:43,431 [ERROR] ConditionMgr:805 - Attr not supported : Dmpu
2024-09-23 18:47:43,431 [ERROR] ConditionMgr:805 - Attr not supported : Dmpu
2024-09-23 18:47:43,431 [ERROR] ConditionMgr:805 - Attr not supported : Dmpu
2024-09-23 18:47:43,431 [ERROR] ConditionMgr:805 - Attr not supported : Dmpu
2024-09-23 18:47:43,431 [ERROR] ConditionMgr:805 - Attr not supported : Dmpu
2024-09-23 18:47:43,431 [ERROR] ConditionMgr:805 - Attr not supported : Dmpu
2024-09-23 18:47:43,432 [ERROR] ConditionMgr:805 - Attr not supported : Dmpu
2024-09-23 18:47:43,432 [ERROR] ConditionMgr:805 - Attr not supported : Dmpu
2024-09-23 18:47:43,432 [ERROR] ConditionMgr:805 - Attr not supported : Dmpu
2024-09-23 18:47:43,432 [ERROR] ConditionMgr:805 - Attr not supported : Dmpu
2024-09-23 18:47:43,432 [ERROR] ConditionMgr:805 - Attr not supported : Dmpu
2024-09-23 18:47:43,432 [ERROR] ConditionMgr:805 - Attr not supported : Dmpu
2024-09-23 18:47:43,432 [ERROR] ConditionMgr:805 - Attr not supported : Dmpu
2024-09-23 18:47:43,433 [ERROR] ConditionMgr:805 - Attr not supported : Dmpu
2024-09-23 18:47:43,433 [ERROR] ConditionMgr:805 - Attr not supported : Dmpu
2024-09-23 18:47:43,433 [ERROR] ConditionMgr:805 - Attr not supported : Dmpu
2024-09-23 18:47:43,433 [ERROR] ConditionMgr:805 - Attr not supported : Dmpu
2024-09-23 18:47:43,433 [ERROR] ConditionMgr:805 - Attr not supported : Dmpu
2024-09-23 18:47:43,433 [ERROR] ConditionMgr:805 - Attr not supported : Dmpu
2024-09-23 18:47:43,434 [ERROR] ConditionMgr:805 - Attr not supported : Dmpu
2024-09-23 18:47:43,434 [ERROR] ConditionMgr:805 - Attr not supported : Dmpu
2024-09-23 18:47:43,434 [ERROR] ConditionMgr:805 - Attr not supported : Dmpu
2024-09-23 18:47:43,434 [ERROR] ConditionMgr:805 - Attr not supported : Dmpu
2024-09-23 18:47:43,434 [ERROR] ConditionMgr:805 - Attr not supported : Dmpu
2024-09-23 18:47:43,434 [ERROR] ConditionMgr:805 - Attr not supported : Dmpu
2024-09-23 18:47:43,434 [ERROR] ConditionMgr:805 - Attr not supported : Dmpu
2024-09-23 18:47:43,435 [ERROR] ConditionMgr:805 - Attr not supported : Dmpu
2024-09-23 18:47:43,435 [ERROR] ConditionMgr:805 - Attr not supported : Dmpu
2024-09-23 18:47:43,435 [ERROR] ConditionMgr:805 - Attr not supported : Dmpu
2024-09-23 18:47:43,435 [ERROR] ConditionMgr:805 - Attr not supported : Dmpu
2024-09-23 18:47:43,435 [ERROR] ConditionMgr:805 - Attr not supported : Dmpu
2024-09-23 18:47:43,435 [ERROR] ConditionMgr:805 - Attr not supported : Dmpu
2024-09-23 18:47:43,436 [ERROR] ConditionMgr:805 - Attr not supported : Dmpu
2024-09-23 18:47:43,436 [ERROR] ConditionMgr:805 - Attr not supported : Dmpu
2024-09-23 18:47:43,436 [ERROR] ConditionMgr:805 - Attr not supported : Dmpu
2024-09-23 18:47:43,436 [ERROR] ConditionMgr:805 - Attr not supported : Dmpu
2024-09-23 18:47:43,436 [ERROR] ConditionMgr:805 - Attr not supported : Dmpu
2024-09-23 18:47:43,436 [ERROR] ConditionMgr:805 - Attr not supported : Dmpu
2024-09-23 18:47:43,437 [ERROR] ConditionMgr:805 - Attr not supported : Dmpu
2024-09-23 18:47:43,437 [ERROR] ConditionMgr:805 - Attr not supported : Dmpu
2024-09-23 18:47:43,437 [ERROR] ConditionMgr:805 - Attr not supported : Dmpu
2024-09-23 18:47:43,437 [ERROR] ConditionMgr:805 - Attr not supported : Dmpu
2024-09-23 18:47:43,438 [ERROR] ConditionMgr:805 - Attr not supported : Dmpu
2024-09-23 18:47:43,438 [ERROR] ConditionMgr:805 - Attr not supported : Dmpu
2024-09-23 18:47:43,438 [ERROR] ConditionMgr:805 - Attr not supported : Dmpu
2024-09-23 18:47:43,438 [ERROR] ConditionMgr:805 - Attr not supported : Dmpu
2024-09-23 18:47:43,438 [ERROR] ConditionMgr:805 - Attr not supported : Dmpu
2024-09-23 18:47:43,438 [ERROR] ConditionMgr:805 - Attr not supported : Dmpu
2024-09-23 18:47:43,438 [ERROR] ConditionMgr:805 - Attr not supported : Dmpu
2024-09-23 18:47:43,439 [ERROR] ConditionMgr:805 - Attr not supported : Dmpu
2024-09-23 18:47:43,439 [ERROR] ConditionMgr:805 - Attr not supported : Dmpu
2024-09-23 18:47:43,439 [ERROR] ConditionMgr:805 - Attr not supported : Dmpu
2024-09-23 18:47:43,439 [ERROR] ConditionMgr:805 - Attr not supported : Dmpu
2024-09-23 18:47:43,439 [ERROR] ConditionMgr:805 - Attr not supported : Dmpu
2024-09-23 18:47:43,439 [ERROR] ConditionMgr:805 - Attr not supported : Dmpu
2024-09-23 18:47:43,440 [ERROR] ConditionMgr:805 - Attr not supported : Dmpu
2024-09-23 18:47:43,440 [ERROR] ConditionMgr:805 - Attr not supported : Dmpu
2024-09-23 18:47:43,440 [ERROR] ConditionMgr:805 - Attr not supported : Dmpu
2024-09-23 18:47:43,445 [WARN] PackLoader:240 - Cannot read IP mode file for RealThread.X-CUBE-RT-Thread_Nano.4.1.1
2024-09-23 18:47:43,449 [WARN] PackLoader:240 - Cannot read IP mode file for STMicroelectronics.FP-ATR-SIGFOX1.3.2.0
2024-09-23 18:47:43,453 [WARN] PackLoader:240 - Cannot read IP mode file for wolfSSL.I-CUBE-wolfSSL.5.7.2
2024-09-23 18:47:43,459 [WARN] PackLoader:240 - Cannot read IP mode file for STMicroelectronics.X-CUBE-EEPRMA1.5.1.0
2024-09-23 18:47:43,506 [WARN] PackLoader:240 - Cannot read IP mode file for SEGGER.I-CUBE-embOS.1.3.1
2024-09-23 18:47:43,588 [WARN] PackLoader:240 - Cannot read IP mode file for STMicroelectronics.X-CUBE-ALGOBUILD.1.4.0
2024-09-23 18:47:43,607 [WARN] PackLoader:240 - Cannot read IP mode file for STMicroelectronics.X-CUBE-AZRTOS-F4.1.1.0
2024-09-23 18:47:43,614 [WARN] PackLoader:240 - Cannot read IP mode file for STMicroelectronics.X-CUBE-ISPU.2.1.0
2024-09-23 18:47:43,619 [WARN] PackLoader:240 - Cannot read IP mode file for STMicroelectronics.X-CUBE-FREERTOS.1.2.0
2024-09-23 18:47:43,640 [WARN] PackLoader:240 - Cannot read IP mode file for STMicroelectronics.X-CUBE-AZRTOS-L5.2.0.0
2024-09-23 18:47:43,651 [WARN] PackLoader:240 - Cannot read IP mode file for STMicroelectronics.X-CUBE-NFC6.3.1.0
2024-09-23 18:47:43,659 [WARN] PackLoader:240 - Cannot read IP mode file for STMicroelectronics.X-CUBE-DPower.1.2.0
2024-09-23 18:47:43,662 [WARN] PackLoader:240 - Cannot read IP mode file for STMicroelectronics.X-CUBE-AI.9.0.0
2024-09-23 18:47:43,668 [WARN] PackLoader:240 - Cannot read IP mode file for STMicroelectronics.X-CUBE-NFC7.1.0.1
2024-09-23 18:47:43,693 [WARN] ConditionMgr:438 - getConditionDescription Invalid condition id : LAN8742 Phy interface Condition cause : null
2024-09-23 18:47:43,694 [WARN] PackLoader:240 - Cannot read IP mode file for STMicroelectronics.X-CUBE-AZRTOS-L4.2.0.0
2024-09-23 18:47:43,695 [WARN] ConditionMgr:1039 - genDependencies : Invalid condition id : LAN8742 Phy interface Condition cause : null
2024-09-23 18:47:43,696 [WARN] ConditionMgr:1039 - genDependencies : Invalid condition id : LAN8742 Phy interface Condition cause : null
2024-09-23 18:47:43,697 [WARN] ConditionMgr:1039 - genDependencies : Invalid condition id : LAN8742 Phy interface Condition cause : null
2024-09-23 18:47:43,705 [WARN] PackLoader:240 - Cannot read IP mode file for STMicroelectronics.X-CUBE-SFXS2LP1.4.0.0
2024-09-23 18:47:43,734 [WARN] PackLoader:240 - Cannot read IP mode file for STMicroelectronics.X-CUBE-AZRTOS-H7.3.3.0
2024-09-23 18:47:43,753 [WARN] ConditionMgr:438 - getConditionDescription Invalid condition id : UX DEVICE CLASS RTOS Condition cause : null
2024-09-23 18:47:43,754 [WARN] ConditionMgr:438 - getConditionDescription Invalid condition id : UX DEVICE CLASS RTOS Condition cause : null
2024-09-23 18:47:43,757 [WARN] PackLoader:240 - Cannot read IP mode file for STMicroelectronics.X-CUBE-AZRTOS-WB.2.0.0
2024-09-23 18:47:43,757 [WARN] ConditionMgr:1039 - genDependencies : Invalid condition id : UX DEVICE CLASS RTOS Condition cause : null
2024-09-23 18:47:43,758 [WARN] ConditionMgr:1039 - genDependencies : Invalid condition id : UX DEVICE CLASS RTOS Condition cause : null
2024-09-23 18:47:43,758 [WARN] ConditionMgr:1039 - genDependencies : Invalid condition id : UX DEVICE CLASS RTOS Condition cause : null
2024-09-23 18:47:43,759 [WARN] ConditionMgr:1039 - genDependencies : Invalid condition id : UX DEVICE CLASS RTOS Condition cause : null
2024-09-23 18:47:43,759 [WARN] ConditionMgr:1039 - genDependencies : Invalid condition id : UX DEVICE CLASS RTOS Condition cause : null
2024-09-23 18:47:43,764 [WARN] PackLoader:240 - Cannot read IP mode file for STMicroelectronics.X-CUBE-GNSS1.7.0.0
2024-09-23 18:47:43,771 [WARN] PackLoader:240 - Cannot read IP mode file for STMicroelectronics.FP-SNS-STBOX1.2.0.0
2024-09-23 18:47:43,787 [WARN] PackLoader:240 - Cannot read IP mode file for STMicroelectronics.X-CUBE-SUBG2.5.0.0
2024-09-23 18:47:43,797 [WARN] PackLoader:240 - Cannot read IP mode file for Cesanta.I-CUBE-Mongoose.7.13.0
2024-09-23 18:47:43,813 [WARN] PackLoader:240 - Cannot read IP mode file for STMicroelectronics.X-CUBE-AZRTOS-G4.2.0.0
2024-09-23 18:47:43,819 [WARN] PackLoader:240 - Cannot read IP mode file for STMicroelectronics.X-CUBE-ALS.1.0.2
2024-09-23 18:47:43,822 [WARN] PackLoader:240 - Cannot read IP mode file for STMicroelectronics.X-CUBE-TOUCHGFX.4.24.0
2024-09-23 18:47:43,825 [WARN] PackLoader:240 - Cannot read IP mode file for STMicroelectronics.X-CUBE-TOUCHGFX.4.24.1
2024-09-23 18:47:43,827 [WARN] PackLoader:240 - Cannot read IP mode file for wolfSSL.I-CUBE-wolfTPM.3.4.0
2024-09-23 18:47:43,849 [WARN] PackLoader:240 - Cannot read IP mode file for STMicroelectronics.X-CUBE-AZRTOS-H7RS.1.0.0
2024-09-23 18:47:43,855 [WARN] PackLoader:240 - Cannot read IP mode file for STMicroelectronics.FP-ATR-ASTRA1.2.0.0
2024-09-23 18:47:43,869 [WARN] PackLoader:240 - Cannot read IP mode file for STMicroelectronics.X-CUBE-TOF1.3.4.2
2024-09-23 18:47:43,915 [WARN] PackLoader:240 - Cannot read IP mode file for Infineon.AIROC-Wi-Fi-Bluetooth-STM32.1.6.1
2024-09-23 18:47:43,923 [WARN] PackLoader:240 - Cannot read IP mode file for wolfSSL.I-CUBE-wolfSSH.1.4.17
2024-09-23 18:47:43,924 [INFO] ThirdParty:978 - Integrity check success = true
2024-09-23 18:47:43,924 [INFO] IntegrityCheckThread:100 - exiting critical section [integrity check]
2024-09-23 18:47:43,924 [INFO] IntegrityCheckThread:103 - End integrity checks thread
2024-09-23 18:47:54,076 [ERROR] LogOutputStream:75 - [STDERR_REDIRECT] Sep 23, 2024 6:47:54 PM java.util.prefs.FileSystemPreferences checkLockFile0ErrorCode
2024-09-23 18:47:54,077 [ERROR] LogOutputStream:75 - [STDERR_REDIRECT] WARNING: Could not lock System prefs. Unix error code 2.
2024-09-23 18:47:54,077 [ERROR] LogOutputStream:75 - [STDERR_REDIRECT] 
2024-09-23 18:47:54,078 [ERROR] LogOutputStream:75 - [STDERR_REDIRECT] Sep 23, 2024 6:47:54 PM java.util.prefs.FileSystemPreferences syncWorld
2024-09-23 18:47:54,078 [ERROR] LogOutputStream:75 - [STDERR_REDIRECT] WARNING: Couldn't flush system prefs: java.util.prefs.BackingStoreException: Couldn't get file lock.
2024-09-23 18:47:54,078 [ERROR] LogOutputStream:75 - [STDERR_REDIRECT] 
2024-09-23 18:48:24,059 [ERROR] LogOutputStream:75 - [STDERR_REDIRECT] Sep 23, 2024 6:48:24 PM java.util.prefs.FileSystemPreferences checkLockFile0ErrorCode
2024-09-23 18:48:24,060 [ERROR] LogOutputStream:75 - [STDERR_REDIRECT] WARNING: Could not lock System prefs. Unix error code 2.
2024-09-23 18:48:24,060 [ERROR] LogOutputStream:75 - [STDERR_REDIRECT] 
2024-09-23 18:48:24,060 [ERROR] LogOutputStream:75 - [STDERR_REDIRECT] Sep 23, 2024 6:48:24 PM java.util.prefs.FileSystemPreferences syncWorld
2024-09-23 18:48:24,061 [ERROR] LogOutputStream:75 - [STDERR_REDIRECT] WARNING: Couldn't flush system prefs: java.util.prefs.BackingStoreException: Couldn't get file lock.
2024-09-23 18:48:24,061 [ERROR] LogOutputStream:75 - [STDERR_REDIRECT] 
2024-09-23 18:48:54,060 [ERROR] LogOutputStream:75 - [STDERR_REDIRECT] Sep 23, 2024 6:48:54 PM java.util.prefs.FileSystemPreferences checkLockFile0ErrorCode
2024-09-23 18:48:54,060 [ERROR] LogOutputStream:75 - [STDERR_REDIRECT] WARNING: Could not lock System prefs. Unix error code 2.
2024-09-23 18:48:54,061 [ERROR] LogOutputStream:75 - [STDERR_REDIRECT] 
2024-09-23 18:48:54,061 [ERROR] LogOutputStream:75 - [STDERR_REDIRECT] Sep 23, 2024 6:48:54 PM java.util.prefs.FileSystemPreferences syncWorld
2024-09-23 18:48:54,062 [ERROR] LogOutputStream:75 - [STDERR_REDIRECT] WARNING: Couldn't flush system prefs: java.util.prefs.BackingStoreException: Couldn't get file lock.
2024-09-23 18:48:54,062 [ERROR] LogOutputStream:75 - [STDERR_REDIRECT] 
2024-09-23 18:49:24,060 [ERROR] LogOutputStream:75 - [STDERR_REDIRECT] Sep 23, 2024 6:49:24 PM java.util.prefs.FileSystemPreferences checkLockFile0ErrorCode
2024-09-23 18:49:24,060 [ERROR] LogOutputStream:75 - [STDERR_REDIRECT] WARNING: Could not lock System prefs. Unix error code 2.
2024-09-23 18:49:24,060 [ERROR] LogOutputStream:75 - [STDERR_REDIRECT] 
2024-09-23 18:49:24,061 [ERROR] LogOutputStream:75 - [STDERR_REDIRECT] Sep 23, 2024 6:49:24 PM java.util.prefs.FileSystemPreferences syncWorld
2024-09-23 18:49:24,061 [ERROR] LogOutputStream:75 - [STDERR_REDIRECT] WARNING: Couldn't flush system prefs: java.util.prefs.BackingStoreException: Couldn't get file lock.
2024-09-23 18:49:24,061 [ERROR] LogOutputStream:75 - [STDERR_REDIRECT] 
2024-09-23 18:49:54,060 [ERROR] LogOutputStream:75 - [STDERR_REDIRECT] Sep 23, 2024 6:49:54 PM java.util.prefs.FileSystemPreferences checkLockFile0ErrorCode
2024-09-23 18:49:54,060 [ERROR] LogOutputStream:75 - [STDERR_REDIRECT] WARNING: Could not lock System prefs. Unix error code 2.
2024-09-23 18:49:54,061 [ERROR] LogOutputStream:75 - [STDERR_REDIRECT] 
2024-09-23 18:49:54,062 [ERROR] LogOutputStream:75 - [STDERR_REDIRECT] Sep 23, 2024 6:49:54 PM java.util.prefs.FileSystemPreferences syncWorld
2024-09-23 18:49:54,062 [ERROR] LogOutputStream:75 - [STDERR_REDIRECT] WARNING: Couldn't flush system prefs: java.util.prefs.BackingStoreException: Couldn't get file lock.
2024-09-23 18:49:54,062 [ERROR] LogOutputStream:75 - [STDERR_REDIRECT] 
2024-09-23 18:50:14,583 [ERROR] LogOutputStream:75 - [STDERR_REDIRECT] 
2024-09-23 18:50:14,584 [ERROR] LogOutputStream:75 - [STDERR_REDIRECT] 
